Примеры **
меню - https://jsbin.com/pigawowase/edit?css,output
position - https://jsbin.com/juzoxoxawo/edit?html,output
 
Flexbox - https://css-tricks.com/snippets/css/a-guide-to-flexbox/
Свойство position - https://webref.ru/css/position
Css генератор - https://www.cssmatic.com
Проверка поддержки свойств - https://caniuse.com
 
 
 
**Взвешиваем селекторы CSS - https://habrahabr.ru/post/137588/
 
микроразметка - https://yandex.ru/support/webmaster/schema-org/what-is-schema-org.xml?lang=ru
БЭМ - https://ru.bem.info
 
normalize.css
https://htmlacademy.ru/blog/64-about-normalize-css
https://necolas.github.io/normalize.css/
 
reset.css
https://meyerweb.com/eric/tools/css/reset/
https://webref.ru/course/css-basics/css-reset
 
Примеры: **
Flexbox - https://jsfiddle.net/Lvdunegq/
Float - https://jsfiddle.net/3fg4h967/
Inline-block - https://jsfiddle.net/440be21w/
Position: https://jsfiddle.net/ayg9ekwm/
 
**Flexbox
Игра для изучения - https://flexboxfroggy.com/
A Complete Guide to Flexbox - https://css-tricks.com/snippets/css/a-guide-to-flexbox/
Практическое применение FlexBox - https://habrahabr.ru/post/242545/
Визуальное руководство по свойствам Flexbox из CSS3 - http://css-live.ru/articles/vizualnoe-rukovodstvo-po-svojstvam-flexbox-iz-css3.html
Flexbox - http://css.yoksel.ru/flexbox/
 
Сервисы для работы с макетом
https://assets.adobe.com
https://avocode.com/
https://zeplin.io/
 
Чтиво
Modernizr: практическое применение - https://habrahabr.ru/post/144352/ 
Modernizr https://modernizr.com/
Я полюбил верстку после этого: Zeplin в бою - https://habrahabr.ru/company/uteam/blog/315542/
Первый взгляд на Avocode - https://habrahabr.ru/post/231381/
 
Вебинар по SublimeText - https://www.youtube.com/watch?v=6zeDcW7doqY
 
Редакторы кода:
Sublime Text 3 - https://www.sublimetext.com/
Brackets - http://brackets.io/
Notepad++ - https://notepad-plus-plus.org/
WebStorm - https://www.jetbrains.com/webstorm/
 
Youtube каналы - https://habrahabr.ru/post/247893/
 
Руководство по оформлению HTML/CSS кода от Google - https://habrahabr.ru/post/143452/
•
Сайты для справки - 
http://htmlbook.ru/,
https://webref.ru/, 
https://developer.mozilla.org/ru/docs/Web/HTML, 
http://www.w3schools.com/, 
https://jsfiddle.net/, 
http://ru.stackoverflow.com/, 
https://toster.ru/search?q=html, 
https://habrahabr.ru/,
https://www.codecademy.com/,
https://htmlacademy.ru/
•
Общение *- https://habrahabr.ru/post/223709/
•
*Валидатор - https://validator.w3.org
•
Интересное -
Повесть о настоящем Интернете - https://habrahabr.ru/post/186282/
Еще раз про IP-адреса, маски подсетей и вообще - https://habrahabr.ru/post/129664/
Сети для самых маленьких. Часть нулевая. Планирование - https://habrahabr.ru/post/134892/
 
Домашнее задание
1. Ознакомиться с макетами интернет-магазина, прикреплённого к данному уроку.
2. Создать главную страницу нашего интернет магазина (1_index.psd).
3. * Так как у учеников разное количество времени и возможностей, а вёрстка занимает большую часть свободного времени, поэтому, если справились с главной страницей, можно приступать к созданию страницы товара каталога.
////
6. Обязательно все проверяем валидатором - https://validator.w3.org/nu/#textarea
 
Дополнительное задание
1) Подумать как решить проблему с паразитными отступами при использовании display: inline-block;
2) Подумать как реализовать вертикальное выравнивание через display: table-cell и vertical-align.
Чат потока в Telegrame: https://t.me/joinchat/D6j8Dw43nJxVEJWg16bKAQ 
Группа факультета Web-разработки в vk.com: https://vk.com/geekuniversity_web
