.product_active {
	border: 1px solid transparent;
	box-shadow: 0px 5px 8px 0px rgba(0, 0, 0, 0.16);
	width: auto;
	height: auto;
	transition: all .5s ease;
}

.product__item_active {
	background-color: #FFF;
	filter: brightness(0.5);
	transition: all .5s ease;

	&::after {
		content: "";
		position: absolute;
		background-image: url("../img/add_to_cart.png");
		background-size: 100%;
		background-repeat: no-repeat;
		background-color: transparent;
		top: 35%;
		left: calc(50% - 61.5px);
		z-index: 200;
	}
}

/*   opacity: 80%; */
  background-color: rgba(255,255,255,80%);
